<?xml version="1.0" encoding="UTF-8"?>
<!-- Generated by org.testng.reporters.JUnitXMLReporter -->
<testsuite ignored="0" hostname="ankurloktra-Inspiron-15-3567" failures="2" tests="2" name="Default test" time="48.03" errors="0" timestamp="2019-11-24T19:41:07 IST">
  <testcase classname="tests.Login" name="Login_in1" time="10.341">
    <failure type="org.openqa.selenium.WebDriverException" message="An unknown server-side error occurred while processing the command. Original error: Could not proxy command to remote server. Original error: Error: read ECONNRESET
Build info: version: &amp;apos;3.141.59&amp;apos;, revision: &amp;apos;e82be7d358&amp;apos;, time: &amp;apos;2018-11-14T08:17:03&amp;apos;
System info: host: &amp;apos;ankurloktra-Inspiron-15-3567&amp;apos;, ip: &amp;apos;127.0.1.1&amp;apos;, os.name: &amp;apos;Linux&amp;apos;, os.arch: &amp;apos;amd64&amp;apos;, os.version: &amp;apos;5.0.0-32-generic&amp;apos;, java.version: &amp;apos;13&amp;apos;
Driver info: io.appium.java_client.android.AndroidDriver
Capabilities {appActivity: com.nc.neobanking.module.us..., appPackage: com.nc.neobanking, automationName: UiAutomator2, chromedriverExecutable: /home/ankur-loktra/Download..., databaseEnabled: false, desired: {appActivity: com.nc.neobanking.module.us..., appPackage: com.nc.neobanking, automationName: UiAutomator2, chromedriverExecutable: /home/ankur-loktra/Download..., deviceName: be16ca76, newCommandTimeout: 60, platformName: android, platformVersion: 9.0.0, udid: be16ca76}, deviceApiLevel: 28, deviceManufacturer: Xiaomi, deviceModel: Redmi Note 7, deviceName: be16ca76, deviceScreenDensity: 440, deviceScreenSize: 1080x2340, deviceUDID: be16ca76, javascriptEnabled: true, locationContextEnabled: false, networkConnectionEnabled: true, newCommandTimeout: 60, pixelRatio: 2.75, platform: LINUX, platformName: ANDROID, platformVersion: 9, statBarHeight: 80, takesScreenshot: true, udid: be16ca76, viewportRect: {height: 2051, left: 0, top: 80, width: 1080}, warnings: {}, webStorageEnabled: false}
Session ID: e557ee21-a6ff-4ac0-af09-7bb085efbca3">
      <![CDATA[org.openqa.selenium.WebDriverException: An unknown server-side error occurred while processing the command. Original error: Could not proxy command to remote server. Original error: Error: read ECONNRESET
Build info: version: '3.141.59', revision: 'e82be7d358', time: '2018-11-14T08:17:03'
System info: host: 'ankurloktra-Inspiron-15-3567', ip: '127.0.1.1', os.name: 'Linux', os.arch: 'amd64', os.version: '5.0.0-32-generic', java.version: '13'
Driver info: io.appium.java_client.android.AndroidDriver
Capabilities {appActivity: com.nc.neobanking.module.us..., appPackage: com.nc.neobanking, automationName: UiAutomator2, chromedriverExecutable: /home/ankur-loktra/Download..., databaseEnabled: false, desired: {appActivity: com.nc.neobanking.module.us..., appPackage: com.nc.neobanking, automationName: UiAutomator2, chromedriverExecutable: /home/ankur-loktra/Download..., deviceName: be16ca76, newCommandTimeout: 60, platformName: android, platformVersion: 9.0.0, udid: be16ca76}, deviceApiLevel: 28, deviceManufacturer: Xiaomi, deviceModel: Redmi Note 7, deviceName: be16ca76, deviceScreenDensity: 440, deviceScreenSize: 1080x2340, deviceUDID: be16ca76, javascriptEnabled: true, locationContextEnabled: false, networkConnectionEnabled: true, newCommandTimeout: 60, pixelRatio: 2.75, platform: LINUX, platformName: ANDROID, platformVersion: 9, statBarHeight: 80, takesScreenshot: true, udid: be16ca76, viewportRect: {height: 2051, left: 0, top: 80, width: 1080}, warnings: {}, webStorageEnabled: false}
Session ID: e557ee21-a6ff-4ac0-af09-7bb085efbca3
at java.base/jdk.internal.reflect.NativeConstructorAccessorImpl.newInstance0(Native Method)
at java.base/jdk.internal.reflect.NativeConstructorAccessorImpl.newInstance(NativeConstructorAccessorImpl.java:62)
at java.base/jdk.internal.reflect.DelegatingConstructorAccessorImpl.newInstance(DelegatingConstructorAccessorImpl.java:45)
at java.base/java.lang.reflect.Constructor.newInstanceWithCaller(Constructor.java:500)
at java.base/java.lang.reflect.Constructor.newInstance(Constructor.java:481)
at org.openqa.selenium.remote.http.W3CHttpResponseCodec.createException(W3CHttpResponseCodec.java:187)
at org.openqa.selenium.remote.http.W3CHttpResponseCodec.decode(W3CHttpResponseCodec.java:122)
at org.openqa.selenium.remote.http.W3CHttpResponseCodec.decode(W3CHttpResponseCodec.java:49)
at org.openqa.selenium.remote.HttpCommandExecutor.execute(HttpCommandExecutor.java:158)
at io.appium.java_client.remote.AppiumCommandExecutor.execute(AppiumCommandExecutor.java:239)
at org.openqa.selenium.remote.RemoteWebDriver.execute(RemoteWebDriver.java:552)
at io.appium.java_client.DefaultGenericMobileDriver.execute(DefaultGenericMobileDriver.java:41)
at io.appium.java_client.AppiumDriver.execute(AppiumDriver.java:1)
at io.appium.java_client.android.AndroidDriver.execute(AndroidDriver.java:1)
at org.openqa.selenium.remote.RemoteWebElement.execute(RemoteWebElement.java:285)
at io.appium.java_client.DefaultGenericMobileElement.execute(DefaultGenericMobileElement.java:45)
at io.appium.java_client.MobileElement.execute(MobileElement.java:1)
at io.appium.java_client.android.AndroidElement.execute(AndroidElement.java:1)
at org.openqa.selenium.remote.RemoteWebElement.isDisplayed(RemoteWebElement.java:326)
at com.pages.otpPageObject.Login(otpPageObject.java:54)
at tests.Login.Login_in1(Login.java:28)
at java.base/jdk.internal.reflect.NativeMethodAccessorImpl.invoke0(Native Method)
at java.base/jdk.internal.reflect.NativeMethodAccessorImpl.invoke(NativeMethodAccessorImpl.java:62)
at java.base/jdk.internal.reflect.DelegatingMethodAccessorImpl.invoke(DelegatingMethodAccessorImpl.java:43)
at java.base/java.lang.reflect.Method.invoke(Method.java:567)
at org.testng.internal.MethodInvocationHelper.invokeMethod(MethodInvocationHelper.java:133)
at org.testng.internal.TestInvoker.invokeMethod(TestInvoker.java:584)
at org.testng.internal.TestInvoker.invokeTestMethod(TestInvoker.java:172)
at org.testng.internal.MethodRunner.runInSequence(MethodRunner.java:46)
at org.testng.internal.TestInvoker$MethodInvocationAgent.invoke(TestInvoker.java:804)
at org.testng.internal.TestInvoker.invokeTestMethods(TestInvoker.java:145)
at org.testng.internal.TestMethodWorker.invokeTestMethods(TestMethodWorker.java:146)
at org.testng.internal.TestMethodWorker.run(TestMethodWorker.java:128)
at java.base/java.util.ArrayList.forEach(ArrayList.java:1507)
at org.testng.TestRunner.privateRun(TestRunner.java:770)
at org.testng.TestRunner.run(TestRunner.java:591)
at org.testng.SuiteRunner.runTest(SuiteRunner.java:402)
at org.testng.SuiteRunner.runSequentially(SuiteRunner.java:396)
at org.testng.SuiteRunner.privateRun(SuiteRunner.java:355)
at org.testng.SuiteRunner.run(SuiteRunner.java:304)
at org.testng.SuiteRunnerWorker.runSuite(SuiteRunnerWorker.java:53)
at org.testng.SuiteRunnerWorker.run(SuiteRunnerWorker.java:96)
at org.testng.TestNG.runSuitesSequentially(TestNG.java:1180)
at org.testng.TestNG.runSuitesLocally(TestNG.java:1102)
at org.testng.TestNG.runSuites(TestNG.java:1032)
at org.testng.TestNG.run(TestNG.java:1000)
at org.testng.remote.AbstractRemoteTestNG.run(AbstractRemoteTestNG.java:115)
at org.testng.remote.RemoteTestNG.initAndRun(RemoteTestNG.java:251)
at org.testng.remote.RemoteTestNG.main(RemoteTestNG.java:77)
]]>
    </failure>
  </testcase> <!-- Login_in1 -->
  <testcase classname="tests.Login" name="Login_in2" time="0.081">
    <failure type="org.openqa.selenium.WebDriverException" message="An unknown server-side error occurred while processing the command. Original error: Could not proxy command to remote server. Original error: Error: read ECONNRESET
Build info: version: &amp;apos;3.141.59&amp;apos;, revision: &amp;apos;e82be7d358&amp;apos;, time: &amp;apos;2018-11-14T08:17:03&amp;apos;
System info: host: &amp;apos;ankurloktra-Inspiron-15-3567&amp;apos;, ip: &amp;apos;127.0.1.1&amp;apos;, os.name: &amp;apos;Linux&amp;apos;, os.arch: &amp;apos;amd64&amp;apos;, os.version: &amp;apos;5.0.0-32-generic&amp;apos;, java.version: &amp;apos;13&amp;apos;
Driver info: io.appium.java_client.android.AndroidDriver
Capabilities {appActivity: com.nc.neobanking.module.us..., appPackage: com.nc.neobanking, automationName: UiAutomator2, chromedriverExecutable: /home/ankur-loktra/Download..., databaseEnabled: false, desired: {appActivity: com.nc.neobanking.module.us..., appPackage: com.nc.neobanking, automationName: UiAutomator2, chromedriverExecutable: /home/ankur-loktra/Download..., deviceName: be16ca76, newCommandTimeout: 60, platformName: android, platformVersion: 9.0.0, udid: be16ca76}, deviceApiLevel: 28, deviceManufacturer: Xiaomi, deviceModel: Redmi Note 7, deviceName: be16ca76, deviceScreenDensity: 440, deviceScreenSize: 1080x2340, deviceUDID: be16ca76, javascriptEnabled: true, locationContextEnabled: false, networkConnectionEnabled: true, newCommandTimeout: 60, pixelRatio: 2.75, platform: LINUX, platformName: ANDROID, platformVersion: 9, statBarHeight: 80, takesScreenshot: true, udid: be16ca76, viewportRect: {height: 2051, left: 0, top: 80, width: 1080}, warnings: {}, webStorageEnabled: false}
Session ID: e557ee21-a6ff-4ac0-af09-7bb085efbca3
*** Element info: {Using=id, value=com.google.android.gms:id/cancel}">
      <![CDATA[org.openqa.selenium.WebDriverException: An unknown server-side error occurred while processing the command. Original error: Could not proxy command to remote server. Original error: Error: read ECONNRESET
Build info: version: '3.141.59', revision: 'e82be7d358', time: '2018-11-14T08:17:03'
System info: host: 'ankurloktra-Inspiron-15-3567', ip: '127.0.1.1', os.name: 'Linux', os.arch: 'amd64', os.version: '5.0.0-32-generic', java.version: '13'
Driver info: io.appium.java_client.android.AndroidDriver
Capabilities {appActivity: com.nc.neobanking.module.us..., appPackage: com.nc.neobanking, automationName: UiAutomator2, chromedriverExecutable: /home/ankur-loktra/Download..., databaseEnabled: false, desired: {appActivity: com.nc.neobanking.module.us..., appPackage: com.nc.neobanking, automationName: UiAutomator2, chromedriverExecutable: /home/ankur-loktra/Download..., deviceName: be16ca76, newCommandTimeout: 60, platformName: android, platformVersion: 9.0.0, udid: be16ca76}, deviceApiLevel: 28, deviceManufacturer: Xiaomi, deviceModel: Redmi Note 7, deviceName: be16ca76, deviceScreenDensity: 440, deviceScreenSize: 1080x2340, deviceUDID: be16ca76, javascriptEnabled: true, locationContextEnabled: false, networkConnectionEnabled: true, newCommandTimeout: 60, pixelRatio: 2.75, platform: LINUX, platformName: ANDROID, platformVersion: 9, statBarHeight: 80, takesScreenshot: true, udid: be16ca76, viewportRect: {height: 2051, left: 0, top: 80, width: 1080}, warnings: {}, webStorageEnabled: false}
Session ID: e557ee21-a6ff-4ac0-af09-7bb085efbca3
*** Element info: {Using=id, value=com.google.android.gms:id/cancel}
at java.base/jdk.internal.reflect.NativeConstructorAccessorImpl.newInstance0(Native Method)
at java.base/jdk.internal.reflect.NativeConstructorAccessorImpl.newInstance(NativeConstructorAccessorImpl.java:62)
at java.base/jdk.internal.reflect.DelegatingConstructorAccessorImpl.newInstance(DelegatingConstructorAccessorImpl.java:45)
at java.base/java.lang.reflect.Constructor.newInstanceWithCaller(Constructor.java:500)
at java.base/java.lang.reflect.Constructor.newInstance(Constructor.java:481)
at org.openqa.selenium.remote.http.W3CHttpResponseCodec.createException(W3CHttpResponseCodec.java:187)
at org.openqa.selenium.remote.http.W3CHttpResponseCodec.decode(W3CHttpResponseCodec.java:122)
at org.openqa.selenium.remote.http.W3CHttpResponseCodec.decode(W3CHttpResponseCodec.java:49)
at org.openqa.selenium.remote.HttpCommandExecutor.execute(HttpCommandExecutor.java:158)
at io.appium.java_client.remote.AppiumCommandExecutor.execute(AppiumCommandExecutor.java:239)
at org.openqa.selenium.remote.RemoteWebDriver.execute(RemoteWebDriver.java:552)
at io.appium.java_client.DefaultGenericMobileDriver.execute(DefaultGenericMobileDriver.java:41)
at io.appium.java_client.AppiumDriver.execute(AppiumDriver.java:1)
at io.appium.java_client.android.AndroidDriver.execute(AndroidDriver.java:1)
at org.openqa.selenium.remote.RemoteWebDriver.findElement(RemoteWebDriver.java:323)
at io.appium.java_client.DefaultGenericMobileDriver.findElement(DefaultGenericMobileDriver.java:61)
at io.appium.java_client.AppiumDriver.findElement(AppiumDriver.java:1)
at io.appium.java_client.android.AndroidDriver.findElement(AndroidDriver.java:1)
at org.openqa.selenium.remote.RemoteWebDriver.findElementById(RemoteWebDriver.java:372)
at io.appium.java_client.DefaultGenericMobileDriver.findElementById(DefaultGenericMobileDriver.java:69)
at io.appium.java_client.AppiumDriver.findElementById(AppiumDriver.java:1)
at io.appium.java_client.android.AndroidDriver.findElementById(AndroidDriver.java:1)
at org.openqa.selenium.By$ById.findElement(By.java:188)
at org.openqa.selenium.remote.RemoteWebDriver.findElement(RemoteWebDriver.java:315)
at io.appium.java_client.DefaultGenericMobileDriver.findElement(DefaultGenericMobileDriver.java:57)
at io.appium.java_client.AppiumDriver.findElement(AppiumDriver.java:1)
at io.appium.java_client.android.AndroidDriver.findElement(AndroidDriver.java:1)
at com.pages.otpPageObject.Login(otpPageObject.java:42)
at tests.Login.Login_in2(Login.java:38)
at java.base/jdk.internal.reflect.NativeMethodAccessorImpl.invoke0(Native Method)
at java.base/jdk.internal.reflect.NativeMethodAccessorImpl.invoke(NativeMethodAccessorImpl.java:62)
at java.base/jdk.internal.reflect.DelegatingMethodAccessorImpl.invoke(DelegatingMethodAccessorImpl.java:43)
at java.base/java.lang.reflect.Method.invoke(Method.java:567)
at org.testng.internal.MethodInvocationHelper.invokeMethod(MethodInvocationHelper.java:133)
at org.testng.internal.TestInvoker.invokeMethod(TestInvoker.java:584)
at org.testng.internal.TestInvoker.invokeTestMethod(TestInvoker.java:172)
at org.testng.internal.MethodRunner.runInSequence(MethodRunner.java:46)
at org.testng.internal.TestInvoker$MethodInvocationAgent.invoke(TestInvoker.java:804)
at org.testng.internal.TestInvoker.invokeTestMethods(TestInvoker.java:145)
at org.testng.internal.TestMethodWorker.invokeTestMethods(TestMethodWorker.java:146)
at org.testng.internal.TestMethodWorker.run(TestMethodWorker.java:128)
at java.base/java.util.ArrayList.forEach(ArrayList.java:1507)
at org.testng.TestRunner.privateRun(TestRunner.java:770)
at org.testng.TestRunner.run(TestRunner.java:591)
at org.testng.SuiteRunner.runTest(SuiteRunner.java:402)
at org.testng.SuiteRunner.runSequentially(SuiteRunner.java:396)
at org.testng.SuiteRunner.privateRun(SuiteRunner.java:355)
at org.testng.SuiteRunner.run(SuiteRunner.java:304)
at org.testng.SuiteRunnerWorker.runSuite(SuiteRunnerWorker.java:53)
at org.testng.SuiteRunnerWorker.run(SuiteRunnerWorker.java:96)
at org.testng.TestNG.runSuitesSequentially(TestNG.java:1180)
at org.testng.TestNG.runSuitesLocally(TestNG.java:1102)
at org.testng.TestNG.runSuites(TestNG.java:1032)
at org.testng.TestNG.run(TestNG.java:1000)
at org.testng.remote.AbstractRemoteTestNG.run(AbstractRemoteTestNG.java:115)
at org.testng.remote.RemoteTestNG.initAndRun(RemoteTestNG.java:251)
at org.testng.remote.RemoteTestNG.main(RemoteTestNG.java:77)
]]>
    </failure>
  </testcase> <!-- Login_in2 -->
</testsuite> <!-- Default test -->
