<?xml version="1.0" encoding="UTF-8"?>
<testng-results ignored="0" total="1" passed="1" failed="0" skipped="0">
  <reporter-output>
  </reporter-output>
  <suite started-at="2019-11-21T17:05:58 IST" name="Default suite" finished-at="2019-11-21T17:06:32 IST" duration-ms="34587">
    <groups>
    </groups>
    <test started-at="2019-11-21T17:05:58 IST" name="Default test" finished-at="2019-11-21T17:06:32 IST" duration-ms="34587">
      <class name="tests.BaseClass">
        <test-method is-config="true" signature="setup()[pri:0, instance:tests.BaseClass@436a4e4b]" started-at="2019-11-21T17:05:58 IST" name="setup" finished-at="2019-11-21T17:06:32 IST" duration-ms="34526" status="PASS">
          <reporter-output>
          </reporter-output>
        </test-method> <!-- setup -->
        <test-method signature="test()[pri:0, instance:tests.BaseClass@436a4e4b]" started-at="2019-11-21T17:06:32 IST" name="test" finished-at="2019-11-21T17:06:32 IST" duration-ms="14" status="PASS">
          <reporter-output>
          </reporter-output>
        </test-method> <!-- test -->
        <test-method is-config="true" signature="teardown()[pri:0, instance:tests.BaseClass@436a4e4b]" started-at="2019-11-21T17:06:32 IST" name="teardown" finished-at="2019-11-21T17:06:32 IST" duration-ms="0" status="PASS">
          <reporter-output>
          </reporter-output>
        </test-method> <!-- teardown -->
      </class> <!-- tests.BaseClass -->
    </test> <!-- Default test -->
  </suite> <!-- Default suite -->
</testng-results>
